{
  "stats": {
    "suites": 0,
    "tests": 1,
    "passes": 1,
    "pending": 0,
    "failures": 0,
    "start": "2022-06-27T14:03:12.288Z",
    "end": "2022-06-27T14:03:15.237Z",
    "duration": 2949,
    "testsRegistered": 1,
    "passPercent": 100,
    "pendingPercent": 0,
    "other": 0,
    "hasOther": false,
    "skipped": 0,
    "hasSkipped": false
  },
  "results": [
    {
      "uuid": "be2b4731-6efb-40ad-946a-9b10f5e035cf",
      "title": "",
      "fullFile": "cypress\\e2e\\login.cy.js",
      "file": "cypress\\e2e\\login.cy.js",
      "beforeHooks": [],
      "afterHooks": [],
      "tests": [
        {
          "title": "login test",
          "fullTitle": "login test",
          "timedOut": null,
          "duration": 930,
          "state": "passed",
          "speed": "fast",
          "pass": true,
          "fail": false,
          "pending": false,
          "context": null,
          "code": "loginPage.navigate('https://trytestingthis.netlify.app/');\nloginPage.enterUsername('test');\nloginPage.enterPassword('test');\nloginPage.clickLogin();",
          "err": {},
          "uuid": "f6624afe-21b9-4612-b1c9-a26297ae8e37",
          "parentUUID": "be2b4731-6efb-40ad-946a-9b10f5e035cf",
          "isHook": false,
          "skipped": false
        }
      ],
      "suites": [],
      "passes": [
        "f6624afe-21b9-4612-b1c9-a26297ae8e37"
      ],
      "failures": [],
      "pending": [],
      "skipped": [],
      "duration": 930,
      "root": true,
      "rootEmpty": false,
      "_timeout": 2000
    }
  ],
  "meta": {
    "mocha": {
      "version": "7.0.1"
    },
    "mochawesome": {
      "options": {
        "quiet": false,
        "reportFilename": "mochawesome",
        "saveHtml": false,
        "saveJson": true,
        "consoleReporter": "spec",
        "useInlineDiffs": false,
        "code": true
      },
      "version": "7.1.3"
    },
    "marge": {
      "options": {
        "charts": true,
        "overwrite": false,
        "html": false,
        "json": true,
        "reportDir": "cypress/reports"
      },
      "version": "6.2.0"
    }
  }
}