{
  "stats": {
    "suites": 0,
    "tests": 1,
    "passes": 1,
    "pending": 0,
    "failures": 0,
    "start": "2022-06-27T14:03:19.446Z",
    "end": "2022-06-27T14:03:22.554Z",
    "duration": 3108,
    "testsRegistered": 1,
    "passPercent": 100,
    "pendingPercent": 0,
    "other": 0,
    "hasOther": false,
    "skipped": 0,
    "hasSkipped": false
  },
  "results": [
    {
      "uuid": "dbb82b17-18e5-4eae-b5c7-6098c0c2e636",
      "title": "",
      "fullFile": "cypress\\e2e\\myFirstTest.cy.js",
      "file": "cypress\\e2e\\myFirstTest.cy.js",
      "beforeHooks": [],
      "afterHooks": [],
      "tests": [
        {
          "title": "Login test",
          "fullTitle": "Login test",
          "timedOut": null,
          "duration": 1106,
          "state": "passed",
          "speed": "fast",
          "pass": true,
          "fail": false,
          "pending": false,
          "context": null,
          "code": "cy.visit('https://example.cypress.io/commands/actions');\ncy.get('.action-email').type('fake@email.com').should('have.value', 'fake@email.com');\ncy.get('.action-form > .btn').click();",
          "err": {},
          "uuid": "d3f391d6-55bb-479e-9972-054f6da6b98e",
          "parentUUID": "dbb82b17-18e5-4eae-b5c7-6098c0c2e636",
          "isHook": false,
          "skipped": false
        }
      ],
      "suites": [],
      "passes": [
        "d3f391d6-55bb-479e-9972-054f6da6b98e"
      ],
      "failures": [],
      "pending": [],
      "skipped": [],
      "duration": 1106,
      "root": true,
      "rootEmpty": false,
      "_timeout": 2000
    }
  ],
  "meta": {
    "mocha": {
      "version": "7.0.1"
    },
    "mochawesome": {
      "options": {
        "quiet": false,
        "reportFilename": "mochawesome",
        "saveHtml": false,
        "saveJson": true,
        "consoleReporter": "spec",
        "useInlineDiffs": false,
        "code": true
      },
      "version": "7.1.3"
    },
    "marge": {
      "options": {
        "charts": true,
        "overwrite": false,
        "html": false,
        "json": true,
        "reportDir": "cypress/reports"
      },
      "version": "6.2.0"
    }
  }
}