{
  "stats": {
    "suites": 0,
    "tests": 1,
    "passes": 1,
    "pending": 0,
    "failures": 0,
    "start": "2022-06-27T14:03:03.671Z",
    "end": "2022-06-27T14:03:07.285Z",
    "duration": 3614,
    "testsRegistered": 1,
    "passPercent": 100,
    "pendingPercent": 0,
    "other": 0,
    "hasOther": false,
    "skipped": 0,
    "hasSkipped": false
  },
  "results": [
    {
      "uuid": "7ba0a765-d170-4fc6-846b-783a32f2fb7d",
      "title": "",
      "fullFile": "cypress\\e2e\\assertionsé2.cy.js",
      "file": "cypress\\e2e\\assertionsé2.cy.js",
      "beforeHooks": [],
      "afterHooks": [],
      "tests": [
        {
          "title": "Learnig assertion",
          "fullTitle": "Learnig assertion",
          "timedOut": null,
          "duration": 1496,
          "state": "passed",
          "speed": "fast",
          "pass": true,
          "fail": false,
          "pending": false,
          "context": null,
          "code": "cy.visit('https://example.cypress.io');\ncy.contains('get').click();\ncy.get('#query-btn').should('contain', 'Button').should('have.class', 'query-btn').should('be.visible').should('be.enabled'); // Explicit assertions\nexpect(true).to.be.true;\nconst name = 'Vinz';\nexpect(name).to.be.equal('Vinz');\nassert.equal(4, 4, 'Not equal');\nassert.strictEqual(4, 4, 'Not strictly equal');",
          "err": {},
          "uuid": "eeebc0c7-05d0-4be0-b348-8d47672e3e01",
          "parentUUID": "7ba0a765-d170-4fc6-846b-783a32f2fb7d",
          "isHook": false,
          "skipped": false
        }
      ],
      "suites": [],
      "passes": [
        "eeebc0c7-05d0-4be0-b348-8d47672e3e01"
      ],
      "failures": [],
      "pending": [],
      "skipped": [],
      "duration": 1496,
      "root": true,
      "rootEmpty": false,
      "_timeout": 2000
    }
  ],
  "meta": {
    "mocha": {
      "version": "7.0.1"
    },
    "mochawesome": {
      "options": {
        "quiet": false,
        "reportFilename": "mochawesome",
        "saveHtml": false,
        "saveJson": true,
        "consoleReporter": "spec",
        "useInlineDiffs": false,
        "code": true
      },
      "version": "7.1.3"
    },
    "marge": {
      "options": {
        "charts": true,
        "overwrite": false,
        "html": false,
        "json": true,
        "reportDir": "cypress/reports"
      },
      "version": "6.2.0"
    }
  }
}